2023-10-17 09:36:58,426 - Url open
2023-10-17 09:36:59,124 - Username set......
2023-10-17 09:36:59,468 - Password set
2023-10-17 09:37:04,492 - Test Case Passed.......
2023-10-17 09:37:05,802 - Alert not present
2023-10-17 09:37:05,802 - Not present
2023-10-17 09:39:47,398 - Url open
2023-10-17 09:39:49,030 - Username set......
2023-10-17 09:39:49,414 - Password set
2023-10-17 09:39:57,112 - Test Case Passed.......
2023-10-17 09:39:59,350 - Alert  is present
2023-10-17 09:39:59,462 - Alert accepted
2023-10-17 09:42:41,451 - Url open
2023-10-17 09:42:42,063 - Username set......
2023-10-17 09:42:42,718 - Password set
2023-10-17 09:42:50,962 - Test Case Passed.......
2023-10-17 09:42:54,063 - Alert  is present
2023-10-17 09:42:54,120 - Alert accepted
2023-10-17 09:48:48,171 - Url open
2023-10-17 09:48:48,691 - Username set......
2023-10-17 09:48:49,218 - Password set
2023-10-17 09:48:56,287 - Test Case Passed.......
2023-10-17 09:48:58,049 - Alert  is present
2023-10-17 09:48:58,181 - Alert accepted
